2013-01-11 10:58:09 Error: [MissingControllerException] Controller class EventsController could not be found.
#0 /home/marcelo/www/upload/webroot/index.php(92): Dispatcher->dispatch(Object(CakeRequest), Object(CakeResponse))
#1 {main}
2013-01-11 11:52:44 Error: [MissingControllerException] Controller class MediaController could not be found.
#0 /home/marcelo/www/upload/webroot/index.php(92): Dispatcher->dispatch(Object(CakeRequest), Object(CakeResponse))
#1 {main}
2013-01-11 11:53:10 Error: [MissingConnectionException] Database connection "Mysql" is missing, or could not be created.
#0 /home/marcelo/www/cake/2.2/lib/Cake/Model/Datasource/DboSource.php(261): Mysql->connect()
#1 /home/marcelo/www/cake/2.2/lib/Cake/Model/ConnectionManager.php(101): DboSource->__construct(Array)
#2 /home/marcelo/www/cake/2.2/lib/Cake/Model/Model.php(3164): ConnectionManager::getDataSource('default')
#3 /home/marcelo/www/cake/2.2/lib/Cake/Model/Model.php(1096): Model->setDataSource('default')
#4 /home/marcelo/www/cake/2.2/lib/Cake/Model/Model.php(3186): Model->setSource('events')
#5 /home/marcelo/www/cake/2.2/lib/Cake/Model/Model.php(2637): Model->getDataSource()
#6 /home/marcelo/www/cake/2.2/lib/Cake/Model/Model.php(1520): Model->find('first', Array)
#7 /home/marcelo/www/upload/Controller/EventsController.php(32): Model->read(NULL, '1')
#8 [internal function]: EventsController->media('1')
#9 /home/marcelo/www/cake/2.2/lib/Cake/Controller/Controller.php(485): ReflectionMethod->invokeArgs(Object(EventsController), Array)
#10 /home/marcelo/www/cake/2.2/lib/Cake/Routing/Dispatcher.php(186): Controller->invokeAction(Object(CakeRequest))
#11 /home/marcelo/www/cake/2.2/lib/Cake/Routing/Dispatcher.php(161): Dispatcher->_invoke(Object(EventsController), Object(CakeRequest), Object(CakeResponse))
#12 /home/marcelo/www/upload/webroot/index.php(92): Dispatcher->dispatch(Object(CakeRequest), Object(CakeResponse))
#13 {main}
2013-01-11 11:55:27 Error: [MissingTableException] Table users for model User was not found in datasource default.
#0 /home/marcelo/www/cake/2.2/lib/Cake/Model/Model.php(3186): Model->setSource('users')
#1 /home/marcelo/www/cake/2.2/lib/Cake/Model/Datasource/DboSource.php(1066): Model->getDataSource()
#2 /home/marcelo/www/cake/2.2/lib/Cake/Model/Model.php(2637): DboSource->read(Object(Event), Array)
#3 /home/marcelo/www/cake/2.2/lib/Cake/Model/Model.php(1520): Model->find('first', Array)
#4 /home/marcelo/www/upload/Controller/EventsController.php(32): Model->read(NULL, '1')
#5 [internal function]: EventsController->media('1')
#6 /home/marcelo/www/cake/2.2/lib/Cake/Controller/Controller.php(485): ReflectionMethod->invokeArgs(Object(EventsController), Array)
#7 /home/marcelo/www/cake/2.2/lib/Cake/Routing/Dispatcher.php(186): Controller->invokeAction(Object(CakeRequest))
#8 /home/marcelo/www/cake/2.2/lib/Cake/Routing/Dispatcher.php(161): Dispatcher->_invoke(Object(EventsController), Object(CakeRequest), Object(CakeResponse))
#9 /home/marcelo/www/upload/webroot/index.php(92): Dispatcher->dispatch(Object(CakeRequest), Object(CakeResponse))
#10 {main}
2013-01-11 11:58:16 Error: [MissingPluginException] Plugin Upload could not be found.
#0 /home/marcelo/www/cake/2.2/lib/Cake/Core/App.php(364): CakePlugin::path('Upload')
#1 /home/marcelo/www/cake/2.2/lib/Cake/Core/App.php(225): App::pluginPath('Upload')
#2 /home/marcelo/www/cake/2.2/lib/Cake/Core/App.php(542): App::path('Model/Behavior', 'Upload')
#3 [internal function]: App::load('UploadBehavior')
#4 [internal function]: spl_autoload_call('UploadBehavior')
#5 /home/marcelo/www/cake/2.2/lib/Cake/Model/BehaviorCollection.php(120): class_exists('UploadBehavior')
#6 /home/marcelo/www/cake/2.2/lib/Cake/Model/BehaviorCollection.php(67): BehaviorCollection->load('Upload.Upload', Array)
#7 /home/marcelo/www/cake/2.2/lib/Cake/Model/Model.php(737): BehaviorCollection->init('Media', Array)
#8 [internal function]: Model->__construct(Array)
#9 /home/marcelo/www/cake/2.2/lib/Cake/Utility/ClassRegistry.php(156): ReflectionClass->newInstance(Array)
#10 /home/marcelo/www/cake/2.2/lib/Cake/Model/Model.php(1020): ClassRegistry::init(Array)
#11 /home/marcelo/www/cake/2.2/lib/Cake/Model/Model.php(846): Model->_constructLinkedModel('Media', 'Media', NULL)
#12 /home/marcelo/www/cake/2.2/lib/Cake/Model/Model.php(876): Model->__isset('Media')
#13 /home/marcelo/www/cake/2.2/lib/Cake/Model/Datasource/DboSource.php(1063): Model->__get('Media')
#14 /home/marcelo/www/cake/2.2/lib/Cake/Model/Model.php(2637): DboSource->read(Object(Event), Array)
#15 /home/marcelo/www/cake/2.2/lib/Cake/Model/Model.php(1520): Model->find('first', Array)
#16 /home/marcelo/www/upload/Controller/EventsController.php(32): Model->read(NULL, '1')
#17 [internal function]: EventsController->media('1')
#18 /home/marcelo/www/cake/2.2/lib/Cake/Controller/Controller.php(485): ReflectionMethod->invokeArgs(Object(EventsController), Array)
#19 /home/marcelo/www/cake/2.2/lib/Cake/Routing/Dispatcher.php(186): Controller->invokeAction(Object(CakeRequest))
#20 /home/marcelo/www/cake/2.2/lib/Cake/Routing/Dispatcher.php(161): Dispatcher->_invoke(Object(EventsController), Object(CakeRequest), Object(CakeResponse))
#21 /home/marcelo/www/upload/webroot/index.php(92): Dispatcher->dispatch(Object(CakeRequest), Object(CakeResponse))
#22 {main}
